Arguments: 
  /Users/sid/.nvm/versions/node/v16.14.2/bin/node /Users/sid/.nvm/versions/node/v16.14.2/bin/yarn add --dev openapi-generator-cli

PATH: 
  /Users/sid/.nvm/versions/node/v16.14.2/bin:/opt/homebrew/bin:/opt/homebrew/sbin:/usr/local/bin:/usr/bin:/bin:/usr/sbin:/sbin:/usr/local/munki:/Library/Apple/usr/bin:/Users/sid/.nvm/versions/node/v16.14.2/bin:/opt/homebrew/bin:/opt/homebrew/sbin:/Users/sid/.fig/bin:/Users/sid/.local/bin:/Users/sid/.yarn/bin

Yarn version: 
  1.22.18

Node version: 
  16.14.2

Platform: 
  darwin arm64

Trace: 
  Error: https://registry.yarnpkg.com/openapi-generator-cli: Not found
      at Request.params.callback [as _callback] (/Users/sid/.nvm/versions/node/v16.14.2/lib/node_modules/yarn/lib/cli.js:66138:18)
      at Request.self.callback (/Users/sid/.nvm/versions/node/v16.14.2/lib/node_modules/yarn/lib/cli.js:140883:22)
      at Request.emit (node:events:526:28)
      at Request.<anonymous> (/Users/sid/.nvm/versions/node/v16.14.2/lib/node_modules/yarn/lib/cli.js:141855:10)
      at Request.emit (node:events:526:28)
      at IncomingMessage.<anonymous> (/Users/sid/.nvm/versions/node/v16.14.2/lib/node_modules/yarn/lib/cli.js:141777:12)
      at Object.onceWrapper (node:events:645:28)
      at IncomingMessage.emit (node:events:538:35)
      at endReadableNT (node:internal/streams/readable:1345:12)
      at processTicksAndRejections (node:internal/process/task_queues:83:21)

npm manifest: 
  {
    "name": "crypto-openapi",
    "version": "1.0.0",
    "main": "index.js",
    "repository": "https://github.com/hyper/crypto-openapi.git",
    "author": "sid <hi@sid.fyi>",
    "license": "MIT",
    "scripts": {
      "format": "prettier . --write"
    },
    "devDependencies": {
      "prettier": "^2.6.2",
      "prettier-plugin-sort-json": "^0.0.2"
    }
  }

yarn manifest: 
  No manifest

Lockfile: 
  # THIS IS AN AUTOGENERATED FILE. DO NOT EDIT THIS FILE DIRECTLY.
  # yarn lockfile v1
  
  
  "@types/prettier@^2.2.0":
    version "2.6.0"
    resolved "https://registry.yarnpkg.com/@types/prettier/-/prettier-2.6.0.tgz#efcbd41937f9ae7434c714ab698604822d890759"
    integrity sha512-G/AdOadiZhnJp0jXCaBQU449W2h716OW/EoXeYkCytxKL06X1WCXB4DZpp8TpZ8eyIJVS1cw4lrlkkSYU21cDw==
  
  prettier-plugin-sort-json@^0.0.2:
    version "0.0.2"
    resolved "https://registry.yarnpkg.com/prettier-plugin-sort-json/-/prettier-plugin-sort-json-0.0.2.tgz#e2aa58829d1b895ed8d9e762860b3e3b84607245"
    integrity sha512-St9zu6Alb+cA+FmnIFmjFOrTmBFWohYPReVjcMAI2y9mE0YJcW+RIchjLuOeXkLdh+eQlQtXy+3/6W6ZgyllQw==
    dependencies:
      "@types/prettier" "^2.2.0"
  
  prettier@^2.6.2:
    version "2.6.2"
    resolved "https://registry.yarnpkg.com/prettier/-/prettier-2.6.2.tgz#e26d71a18a74c3d0f0597f55f01fb6c06c206032"
    integrity sha512-PkUpF+qoXTqhOeWL9fu7As8LXsIUZ1WYaJiY/a7McAQzxjk82OF0tibkFXVCDImZtWxbvojFjerkiLb0/q8mew==
